# JRE version: OpenJDK Runtime Environment (8.0_202-b03) (build 1.8.0_202-release-1483-b03)
# Java VM: OpenJDK 64-Bit Server VM (25.202-b03 mixed mode windows-amd64 compressed oops)
Heap:
 PSYoungGen      total 418304K, used 239381K [0x00000000e0000000, 0x00000000fb400000, 0x0000000100000000)
  eden space 394240K, 58% used [0x00000000e0000000,0x00000000ee03c7f0,0x00000000f8100000)
  from space 24064K, 40% used [0x00000000f9c80000,0x00000000fa608e10,0x00000000fb400000)
  to   space 26112K, 0% used [0x00000000f8100000,0x00000000f8100000,0x00000000f9a80000)
 ParOldGen       total 134144K, used 50666K [0x00000000a0000000, 0x00000000a8300000, 0x00000000e0000000)
  object space 134144K, 37% used [0x00000000a0000000,0x00000000a317ab68,0x00000000a8300000)
 Metaspace       used 99350K, capacity 102888K, committed 103296K, reserved 1138688K
  class space    used 12387K, capacity 13060K, committed 13184K, reserved 1048576K
GC Heap History (10 events):
Event: 6463.213 GC heap before
{Heap before GC invocations=24 (full 3):
 PSYoungGen      total 318976K, used 318912K [0x00000000e0000000, 0x00000000f6900000, 0x0000000100000000)
  eden space 312320K, 100% used [0x00000000e0000000,0x00000000f3100000,0x00000000f3100000)
  from space 6656K, 99% used [0x00000000f6280000,0x00000000f68f00f8,0x00000000f6900000)
  to   space 28672K, 0% used [0x00000000f3100000,0x00000000f3100000,0x00000000f4d00000)
 ParOldGen       total 109056K, used 69151K [0x00000000a0000000, 0x00000000a6a80000, 0x00000000e0000000)
  object space 109056K, 63% used [0x00000000a0000000,0x00000000a4387c20,0x00000000a6a80000)
 Metaspace       used 93895K, capacity 97470K, committed 97536K, reserved 1134592K
  class space    used 11749K, capacity 12502K, committed 12544K, reserved 1048576K
Event: 6463.274 GC heap after
Heap after GC invocations=24 (full 3):
 PSYoungGen      total 318464K, used 18752K [0x00000000e0000000, 0x00000000f6300000, 0x0000000100000000)
  eden space 299520K, 0% used [0x00000000e0000000,0x00000000e0000000,0x00000000f2480000)
  from space 18944K, 98% used [0x00000000f3100000,0x00000000f43500f0,0x00000000f4380000)
  to   space 29696K, 0% used [0x00000000f4600000,0x00000000f4600000,0x00000000f6300000)
 ParOldGen       total 109056K, used 69167K [0x00000000a0000000, 0x00000000a6a80000, 0x00000000e0000000)
  object space 109056K, 63% used [0x00000000a0000000,0x00000000a438bc20,0x00000000a6a80000)
 Metaspace       used 93895K, capacity 97470K, committed 97536K, reserved 1134592K
  class space    used 11749K, capacity 12502K, committed 12544K, reserved 1048576K
}
Event: 6463.580 GC heap before
{Heap before GC invocations=25 (full 3):
 PSYoungGen      total 318464K, used 31708K [0x00000000e0000000, 0x00000000f6300000, 0x0000000100000000)
  eden space 299520K, 4% used [0x00000000e0000000,0x00000000e0ca7260,0x00000000f2480000)
  from space 18944K, 98% used [0x00000000f3100000,0x00000000f43500f0,0x00000000f4380000)
  to   space 29696K, 0% used [0x00000000f4600000,0x00000000f4600000,0x00000000f6300000)
 ParOldGen       total 109056K, used 69167K [0x00000000a0000000, 0x00000000a6a80000, 0x00000000e0000000)
  object space 109056K, 63% used [0x00000000a0000000,0x00000000a438bc20,0x00000000a6a80000)
 Metaspace       used 94914K, capacity 98476K, committed 98496K, reserved 1134592K
  class space    used 11923K, capacity 12655K, committed 12672K, reserved 1048576K
Event: 6463.611 GC heap after
Heap after GC invocations=25 (full 3):
 PSYoungGen      total 335360K, used 12122K [0x00000000e0000000, 0x00000000faf80000, 0x0000000100000000)
  eden space 305664K, 0% used [0x00000000e0000000,0x00000000e0000000,0x00000000f2a80000)
  from space 29696K, 40% used [0x00000000f4600000,0x00000000f51d6b08,0x00000000f6300000)
  to   space 28160K, 0% used [0x00000000f2a80000,0x00000000f2a80000,0x00000000f4600000)
 ParOldGen       total 109056K, used 69175K [0x00000000a0000000, 0x00000000a6a80000, 0x00000000e0000000)
  object space 109056K, 63% used [0x00000000a0000000,0x00000000a438dc20,0x00000000a6a80000)
 Metaspace       used 94914K, capacity 98476K, committed 98496K, reserved 1134592K
  class space    used 11923K, capacity 12655K, committed 12672K, reserved 1048576K
}
Event: 6463.611 GC heap before
{Heap before GC invocations=26 (full 4):
 PSYoungGen      total 335360K, used 12122K [0x00000000e0000000, 0x00000000faf80000, 0x0000000100000000)
  eden space 305664K, 0% used [0x00000000e0000000,0x00000000e0000000,0x00000000f2a80000)
  from space 29696K, 40% used [0x00000000f4600000,0x00000000f51d6b08,0x00000000f6300000)
  to   space 28160K, 0% used [0x00000000f2a80000,0x00000000f2a80000,0x00000000f4600000)
 ParOldGen       total 109056K, used 69175K [0x00000000a0000000, 0x00000000a6a80000, 0x00000000e0000000)
  object space 109056K, 63% used [0x00000000a0000000,0x00000000a438dc20,0x00000000a6a80000)
 Metaspace       used 94914K, capacity 98476K, committed 98496K, reserved 1134592K
  class space    used 11923K, capacity 12655K, committed 12672K, reserved 1048576K
Event: 6464.417 GC heap after
Heap after GC invocations=26 (full 4):
 PSYoungGen      total 335360K, used 0K [0x00000000e0000000, 0x00000000faf80000, 0x0000000100000000)
  eden space 305664K, 0% used [0x00000000e0000000,0x00000000e0000000,0x00000000f2a80000)
  from space 29696K, 0% used [0x00000000f4600000,0x00000000f4600000,0x00000000f6300000)
  to   space 28160K, 0% used [0x00000000f2a80000,0x00000000f2a80000,0x00000000f4600000)
 ParOldGen       total 134144K, used 47744K [0x00000000a0000000, 0x00000000a8300000, 0x00000000e0000000)
  object space 134144K, 35% used [0x00000000a0000000,0x00000000a2ea0038,0x00000000a8300000)
 Metaspace       used 94133K, capacity 97024K, committed 98496K, reserved 1134592K
  class space    used 11769K, capacity 12376K, committed 12672K, reserved 1048576K
}
Event: 6472.113 GC heap before
{Heap before GC invocations=27 (full 4):
 PSYoungGen      total 335360K, used 305664K [0x00000000e0000000, 0x00000000faf80000, 0x0000000100000000)
  eden space 305664K, 100% used [0x00000000e0000000,0x00000000f2a80000,0x00000000f2a80000)
  from space 29696K, 0% used [0x00000000f4600000,0x00000000f4600000,0x00000000f6300000)
  to   space 28160K, 0% used [0x00000000f2a80000,0x00000000f2a80000,0x00000000f4600000)
 ParOldGen       total 134144K, used 47744K [0x00000000a0000000, 0x00000000a8300000, 0x00000000e0000000)
  object space 134144K, 35% used [0x00000000a0000000,0x00000000a2ea0038,0x00000000a8300000)
 Metaspace       used 98902K, capacity 102378K, committed 103040K, reserved 1138688K
  class space    used 12357K, capacity 13053K, committed 13184K, reserved 1048576K
Event: 6472.147 GC heap after
Heap after GC invocations=27 (full 4):
 PSYoungGen      total 333824K, used 6540K [0x00000000e0000000, 0x00000000fb780000, 0x0000000100000000)
  eden space 305664K, 0% used [0x00000000e0000000,0x00000000e0000000,0x00000000f2a80000)
  from space 28160K, 23% used [0x00000000f2a80000,0x00000000f30e3360,0x00000000f4600000)
  to   space 27648K, 0% used [0x00000000f9c80000,0x00000000f9c80000,0x00000000fb780000)
 ParOldGen       total 134144K, used 47752K [0x00000000a0000000, 0x00000000a8300000, 0x00000000e0000000)
  object space 134144K, 35% used [0x00000000a0000000,0x00000000a2ea2038,0x00000000a8300000)
 Metaspace       used 98902K, capacity 102378K, committed 103040K, reserved 1138688K
  class space    used 12357K, capacity 13053K, committed 13184K, reserved 1048576K
}
Event: 6475.442 GC heap before
{Heap before GC invocations=28 (full 4):
 PSYoungGen      total 333824K, used 312204K [0x00000000e0000000, 0x00000000fb780000, 0x0000000100000000)
  eden space 305664K, 100% used [0x00000000e0000000,0x00000000f2a80000,0x00000000f2a80000)
  from space 28160K, 23% used [0x00000000f2a80000,0x00000000f30e3360,0x00000000f4600000)
  to   space 27648K, 0% used [0x00000000f9c80000,0x00000000f9c80000,0x00000000fb780000)
 ParOldGen       total 134144K, used 47752K [0x00000000a0000000, 0x00000000a8300000, 0x00000000e0000000)
  object space 134144K, 35% used [0x00000000a0000000,0x00000000a2ea2038,0x00000000a8300000)
 Metaspace       used 99174K, capacity 102724K, committed 103296K, reserved 1138688K
  class space    used 12374K, capacity 13058K, committed 13184K, reserved 1048576K
Event: 6475.507 GC heap after
Heap after GC invocations=28 (full 4):
 PSYoungGen      total 418304K, used 9763K [0x00000000e0000000, 0x00000000fb400000, 0x0000000100000000)
  eden space 394240K, 0% used [0x00000000e0000000,0x00000000e0000000,0x00000000f8100000)
  from space 24064K, 40% used [0x00000000f9c80000,0x00000000fa608e10,0x00000000fb400000)
  to   space 26112K, 0% used [0x00000000f8100000,0x00000000f8100000,0x00000000f9a80000)
 ParOldGen       total 134144K, used 50666K [0x00000000a0000000, 0x00000000a8300000, 0x00000000e0000000)
  object space 134144K, 37% used [0x00000000a0000000,0x00000000a317ab68,0x00000000a8300000)
 Metaspace       used 99174K, capacity 102724K, committed 103296K, reserved 1138688K
  class space    used 12374K, capacity 13058K, committed 13184K, reserved 1048576K
}

